<?xml version="1.0" encoding="UTF-8"?>
<coverage generated="1663246730286" clover="3.2.0">
  <project timestamp="1663246730286" name="All files">
    <metrics statements="6" coveredstatements="4" conditionals="0" coveredconditionals="0" methods="2" coveredmethods="1" elements="8" coveredelements="5" complexity="0" loc="6" ncloc="6" packages="2" files="2" classes="2"/>
    <package name="auth">
      <metrics statements="1" coveredstatements="1" conditionals="0" coveredconditionals="0" methods="0" coveredmethods="0"/>
      <file name="context.js" path="/Users/kane_wu/software_proj/PEAR_ReactNativeExpo/app/auth/context.js">
        <metrics statements="1" coveredstatements="1" conditionals="0" coveredconditionals="0" methods="0" coveredmethods="0"/>
        <line num="8" count="1" type="stmt"/>
      </file>
    </package>
    <package name="screens">
      <metrics statements="5" coveredstatements="3" conditionals="0" coveredconditionals="0" methods="2" coveredmethods="1"/>
      <file name="AccountScreen.js" path="/Users/kane_wu/software_proj/PEAR_ReactNativeExpo/app/screens/AccountScreen.js">
        <metrics statements="5" coveredstatements="3" conditionals="0" coveredconditionals="0" methods="2" coveredmethods="1"/>
        <line num="8" count="1" type="stmt"/>
        <line num="10" count="1" type="stmt"/>
        <line num="11" count="0" type="stmt"/>
        <line num="12" count="0" type="stmt"/>
        <line num="15" count="1" type="stmt"/>
      </file>
    </package>
  </project>
</coverage>
