{"/Users/kane_wu/software_proj/PEAR_ReactNativeExpo/app/auth/context.js": {"path":"/Users/kane_wu/software_proj/PEAR_ReactNativeExpo/app/auth/context.js","statementMap":{"0":{"start":{"line":8,"column":20},"end":{"line":8,"column":41}}},"fnMap":{},"branchMap":{},"s":{"0":1},"f":{},"b":{},"_coverageSchema":"1a1c01bbd47fc00a2c39e90264f33305004495a9","hash":"5093b268eb88674484dd8ddbf31d6c1bb6d982c8"}
,"/Users/kane_wu/software_proj/PEAR_ReactNativeExpo/app/screens/AccountScreen.js": {"path":"/Users/kane_wu/software_proj/PEAR_ReactNativeExpo/app/screens/AccountScreen.js","statementMap":{"0":{"start":{"line":8,"column":28},"end":{"line":8,"column":51}},"1":{"start":{"line":10,"column":24},"end":{"line":13,"column":3}},"2":{"start":{"line":11,"column":4},"end":{"line":11,"column":18}},"3":{"start":{"line":12,"column":4},"end":{"line":12,"column":36}},"4":{"start":{"line":15,"column":2},"end":{"line":21,"column":4}}},"fnMap":{"0":{"name":"AccountScreen","decl":{"start":{"line":7,"column":9},"end":{"line":7,"column":22}},"loc":{"start":{"line":7,"column":25},"end":{"line":22,"column":1}},"line":7},"1":{"name":"(anonymous_1)","decl":{"start":{"line":10,"column":24},"end":{"line":10,"column":25}},"loc":{"start":{"line":10,"column":36},"end":{"line":13,"column":3}},"line":10}},"branchMap":{},"s":{"0":1,"1":1,"2":0,"3":0,"4":1},"f":{"0":1,"1":0},"b":{},"_coverageSchema":"1a1c01bbd47fc00a2c39e90264f33305004495a9","hash":"6529de3c3ac8082703908ad906e894b432598e64"}
}
